<?xml version="1.0" encoding="UTF-8"?>
<!-- Generated by org.testng.reporters.JUnitXMLReporter -->
<testsuite ignored="0" hostname="DESKTOP-F31FRO2" failures="0" tests="4" name="Test" time="38.154" errors="0" timestamp="2022-04-27T13:16:28 IST">
  <testcase classname="com.qa.testLayer.LoginPageTest" name="verifyLoginFunctionality" time="0.044"/>
  <testcase classname="com.qa.testLayer.HomePageTest" name="verifySauceLabsBikeLight" time="0.376"/>
  <testcase classname="com.qa.testLayer.HomePageTest" name="verifySauceLabsBoltTShirt" time="0.522"/>
  <testcase classname="com.qa.testLayer.HomePageTest" name="verifySauceLabsOnesie" time="0.397"/>
</testsuite> <!-- Test -->
