<?xml version="1.0" encoding="UTF-8"?>
<!-- Generated by org.testng.reporters.JUnitXMLReporter -->
<testsuite ignored="0" hostname="DESKTOP-F31FRO2" failures="0" tests="4" name="SauceDemo" time="37.852" errors="0" timestamp="2022-04-27T13:17:23 IST">
  <testcase classname="com.qa.testLayer.HomePageTest" name="verifySauceLabsBikeLight" time="0.335"/>
  <testcase classname="com.qa.testLayer.HomePageTest" name="verifySauceLabsBoltTShirt" time="0.317"/>
  <testcase classname="com.qa.testLayer.HomePageTest" name="verifySauceLabsOnesie" time="0.243"/>
  <testcase classname="com.qa.testLayer.LoginPageTest" name="verifyLoginFunctionality" time="0.023"/>
</testsuite> <!-- SauceDemo -->
