<?xml version="1.0" encoding="UTF-8"?>
<testng-results ignored="0" total="8" passed="8" failed="0" skipped="0">
  <reporter-output>
  </reporter-output>
  <suite started-at="2022-04-27T13:25:39 IST" name="SauceDemo" finished-at="2022-04-27T13:27:54 IST" duration-ms="134838">
    <groups>
    </groups>
    <test started-at="2022-04-27T13:25:39 IST" name="SauceDemo" finished-at="2022-04-27T13:26:39 IST" duration-ms="59806">
      <class name="com.qa.testLayer.LoginPageTest">
        <test-method is-config="true" signature="openBrowser(java.lang.String)[pri:0, instance:com.qa.testLayer.LoginPageTest@4218d6a3]" started-at="2022-04-27T13:26:23 IST" name="openBrowser" finished-at="2022-04-27T13:26:31 IST" duration-ms="7546" status="PASS">
          <params>
            <param index="0">
              <value>
                <![CDATA[firefox]]>
              </value>
            </param>
          </params>
          <reporter-output>
          </reporter-output>
        </test-method> <!-- openBrowser -->
        <test-method is-config="true" signature="verifyLogin()[pri:0, instance:com.qa.testLayer.LoginPageTest@4218d6a3]" started-at="2022-04-27T13:26:31 IST" name="verifyLogin" finished-at="2022-04-27T13:26:36 IST" duration-ms="5520" status="PASS">
          <reporter-output>
          </reporter-output>
        </test-method> <!-- verifyLogin -->
        <test-method signature="verifyLoginFunctionality()[pri:0, instance:com.qa.testLayer.LoginPageTest@4218d6a3]" started-at="2022-04-27T13:26:36 IST" name="verifyLoginFunctionality" finished-at="2022-04-27T13:26:36 IST" duration-ms="18" status="PASS">
          <reporter-output>
          </reporter-output>
        </test-method> <!-- verifyLoginFunctionality -->
        <test-method is-config="true" signature="verifyLogOut()[pri:0, instance:com.qa.testLayer.LoginPageTest@4218d6a3]" started-at="2022-04-27T13:26:36 IST" name="verifyLogOut" finished-at="2022-04-27T13:26:37 IST" duration-ms="501" status="PASS">
          <reporter-output>
          </reporter-output>
        </test-method> <!-- verifyLogOut -->
        <test-method is-config="true" signature="closeBrowser()[pri:0, instance:com.qa.testLayer.LoginPageTest@4218d6a3]" started-at="2022-04-27T13:26:37 IST" name="closeBrowser" finished-at="2022-04-27T13:26:39 IST" duration-ms="1695" status="PASS">
          <reporter-output>
          </reporter-output>
        </test-method> <!-- closeBrowser -->
      </class> <!-- com.qa.testLayer.LoginPageTest -->
      <class name="com.qa.testLayer.HomePageTest">
        <test-method is-config="true" signature="openBrowser(java.lang.String)[pri:0, instance:com.qa.testLayer.HomePageTest@7b2bbc3]" started-at="2022-04-27T13:25:39 IST" name="openBrowser" finished-at="2022-04-27T13:26:01 IST" duration-ms="21919" status="PASS">
          <params>
            <param index="0">
              <value>
                <![CDATA[firefox]]>
              </value>
            </param>
          </params>
          <reporter-output>
          </reporter-output>
        </test-method> <!-- openBrowser -->
        <test-method is-config="true" signature="verifyLogin()[pri:0, instance:com.qa.testLayer.HomePageTest@7b2bbc3]" started-at="2022-04-27T13:26:01 IST" name="verifyLogin" finished-at="2022-04-27T13:26:07 IST" duration-ms="5937" status="PASS">
          <reporter-output>
          </reporter-output>
        </test-method> <!-- verifyLogin -->
        <test-method signature="verifySauceLabsBikeLight()[pri:0, instance:com.qa.testLayer.HomePageTest@7b2bbc3]" started-at="2022-04-27T13:26:07 IST" name="verifySauceLabsBikeLight" finished-at="2022-04-27T13:26:08 IST" duration-ms="793" status="PASS">
          <reporter-output>
          </reporter-output>
        </test-method> <!-- verifySauceLabsBikeLight -->
        <test-method is-config="true" signature="verifyLogOut()[pri:0, instance:com.qa.testLayer.HomePageTest@7b2bbc3]" started-at="2022-04-27T13:26:08 IST" name="verifyLogOut" finished-at="2022-04-27T13:26:08 IST" duration-ms="486" status="PASS">
          <reporter-output>
          </reporter-output>
        </test-method> <!-- verifyLogOut -->
        <test-method is-config="true" signature="verifyLogin()[pri:0, instance:com.qa.testLayer.HomePageTest@7b2bbc3]" started-at="2022-04-27T13:26:08 IST" name="verifyLogin" finished-at="2022-04-27T13:26:14 IST" duration-ms="5465" status="PASS">
          <reporter-output>
          </reporter-output>
        </test-method> <!-- verifyLogin -->
        <test-method signature="verifySauceLabsBoltTShirt()[pri:0, instance:com.qa.testLayer.HomePageTest@7b2bbc3]" started-at="2022-04-27T13:26:14 IST" name="verifySauceLabsBoltTShirt" finished-at="2022-04-27T13:26:14 IST" duration-ms="701" status="PASS">
          <reporter-output>
          </reporter-output>
        </test-method> <!-- verifySauceLabsBoltTShirt -->
        <test-method is-config="true" signature="verifyLogOut()[pri:0, instance:com.qa.testLayer.HomePageTest@7b2bbc3]" started-at="2022-04-27T13:26:14 IST" name="verifyLogOut" finished-at="2022-04-27T13:26:15 IST" duration-ms="458" status="PASS">
          <reporter-output>
          </reporter-output>
        </test-method> <!-- verifyLogOut -->
        <test-method is-config="true" signature="verifyLogin()[pri:0, instance:com.qa.testLayer.HomePageTest@7b2bbc3]" started-at="2022-04-27T13:26:15 IST" name="verifyLogin" finished-at="2022-04-27T13:26:20 IST" duration-ms="5377" status="PASS">
          <reporter-output>
          </reporter-output>
        </test-method> <!-- verifyLogin -->
        <test-method signature="verifySauceLabsOnesie()[pri:0, instance:com.qa.testLayer.HomePageTest@7b2bbc3]" started-at="2022-04-27T13:26:20 IST" name="verifySauceLabsOnesie" finished-at="2022-04-27T13:26:21 IST" duration-ms="755" status="PASS">
          <reporter-output>
          </reporter-output>
        </test-method> <!-- verifySauceLabsOnesie -->
        <test-method is-config="true" signature="verifyLogOut()[pri:0, instance:com.qa.testLayer.HomePageTest@7b2bbc3]" started-at="2022-04-27T13:26:21 IST" name="verifyLogOut" finished-at="2022-04-27T13:26:21 IST" duration-ms="458" status="PASS">
          <reporter-output>
          </reporter-output>
        </test-method> <!-- verifyLogOut -->
        <test-method is-config="true" signature="closeBrowser()[pri:0, instance:com.qa.testLayer.HomePageTest@7b2bbc3]" started-at="2022-04-27T13:26:21 IST" name="closeBrowser" finished-at="2022-04-27T13:26:23 IST" duration-ms="2117" status="PASS">
          <reporter-output>
          </reporter-output>
        </test-method> <!-- closeBrowser -->
      </class> <!-- com.qa.testLayer.HomePageTest -->
    </test> <!-- SauceDemo -->
    <test started-at="2022-04-27T13:26:39 IST" name="SauceDemo1" finished-at="2022-04-27T13:27:54 IST" duration-ms="75015">
      <class name="com.qa.testLayer.LoginPageTest">
        <test-method is-config="true" signature="openBrowser(java.lang.String)[pri:0, instance:com.qa.testLayer.LoginPageTest@1165b38]" started-at="2022-04-27T13:27:39 IST" name="openBrowser" finished-at="2022-04-27T13:27:47 IST" duration-ms="8588" status="PASS">
          <params>
            <param index="0">
              <value>
                <![CDATA[edge]]>
              </value>
            </param>
          </params>
          <reporter-output>
          </reporter-output>
        </test-method> <!-- openBrowser -->
        <test-method is-config="true" signature="verifyLogin()[pri:0, instance:com.qa.testLayer.LoginPageTest@1165b38]" started-at="2022-04-27T13:27:47 IST" name="verifyLogin" finished-at="2022-04-27T13:27:53 IST" duration-ms="5459" status="PASS">
          <reporter-output>
          </reporter-output>
        </test-method> <!-- verifyLogin -->
        <test-method signature="verifyLoginFunctionality()[pri:0, instance:com.qa.testLayer.LoginPageTest@1165b38]" started-at="2022-04-27T13:27:53 IST" name="verifyLoginFunctionality" finished-at="2022-04-27T13:27:53 IST" duration-ms="15" status="PASS">
          <reporter-output>
          </reporter-output>
        </test-method> <!-- verifyLoginFunctionality -->
        <test-method is-config="true" signature="verifyLogOut()[pri:0, instance:com.qa.testLayer.LoginPageTest@1165b38]" started-at="2022-04-27T13:27:53 IST" name="verifyLogOut" finished-at="2022-04-27T13:27:53 IST" duration-ms="226" status="PASS">
          <reporter-output>
          </reporter-output>
        </test-method> <!-- verifyLogOut -->
        <test-method is-config="true" signature="closeBrowser()[pri:0, instance:com.qa.testLayer.LoginPageTest@1165b38]" started-at="2022-04-27T13:27:53 IST" name="closeBrowser" finished-at="2022-04-27T13:27:54 IST" duration-ms="636" status="PASS">
          <reporter-output>
          </reporter-output>
        </test-method> <!-- closeBrowser -->
      </class> <!-- com.qa.testLayer.LoginPageTest -->
      <class name="com.qa.testLayer.HomePageTest">
        <test-method is-config="true" signature="openBrowser(java.lang.String)[pri:0, instance:com.qa.testLayer.HomePageTest@4c402120]" started-at="2022-04-27T13:26:39 IST" name="openBrowser" finished-at="2022-04-27T13:27:20 IST" duration-ms="41418" status="PASS">
          <params>
            <param index="0">
              <value>
                <![CDATA[edge]]>
              </value>
            </param>
          </params>
          <reporter-output>
          </reporter-output>
        </test-method> <!-- openBrowser -->
        <test-method is-config="true" signature="verifyLogin()[pri:0, instance:com.qa.testLayer.HomePageTest@4c402120]" started-at="2022-04-27T13:27:20 IST" name="verifyLogin" finished-at="2022-04-27T13:27:26 IST" duration-ms="5703" status="PASS">
          <reporter-output>
          </reporter-output>
        </test-method> <!-- verifyLogin -->
        <test-method signature="verifySauceLabsBikeLight()[pri:0, instance:com.qa.testLayer.HomePageTest@4c402120]" started-at="2022-04-27T13:27:26 IST" name="verifySauceLabsBikeLight" finished-at="2022-04-27T13:27:26 IST" duration-ms="347" status="PASS">
          <reporter-output>
          </reporter-output>
        </test-method> <!-- verifySauceLabsBikeLight -->
        <test-method is-config="true" signature="verifyLogOut()[pri:0, instance:com.qa.testLayer.HomePageTest@4c402120]" started-at="2022-04-27T13:27:26 IST" name="verifyLogOut" finished-at="2022-04-27T13:27:26 IST" duration-ms="207" status="PASS">
          <reporter-output>
          </reporter-output>
        </test-method> <!-- verifyLogOut -->
        <test-method is-config="true" signature="verifyLogin()[pri:0, instance:com.qa.testLayer.HomePageTest@4c402120]" started-at="2022-04-27T13:27:26 IST" name="verifyLogin" finished-at="2022-04-27T13:27:32 IST" duration-ms="5363" status="PASS">
          <reporter-output>
          </reporter-output>
        </test-method> <!-- verifyLogin -->
        <test-method signature="verifySauceLabsBoltTShirt()[pri:0, instance:com.qa.testLayer.HomePageTest@4c402120]" started-at="2022-04-27T13:27:32 IST" name="verifySauceLabsBoltTShirt" finished-at="2022-04-27T13:27:32 IST" duration-ms="402" status="PASS">
          <reporter-output>
          </reporter-output>
        </test-method> <!-- verifySauceLabsBoltTShirt -->
        <test-method is-config="true" signature="verifyLogOut()[pri:0, instance:com.qa.testLayer.HomePageTest@4c402120]" started-at="2022-04-27T13:27:32 IST" name="verifyLogOut" finished-at="2022-04-27T13:27:32 IST" duration-ms="221" status="PASS">
          <reporter-output>
          </reporter-output>
        </test-method> <!-- verifyLogOut -->
        <test-method is-config="true" signature="verifyLogin()[pri:0, instance:com.qa.testLayer.HomePageTest@4c402120]" started-at="2022-04-27T13:27:32 IST" name="verifyLogin" finished-at="2022-04-27T13:27:38 IST" duration-ms="5408" status="PASS">
          <reporter-output>
          </reporter-output>
        </test-method> <!-- verifyLogin -->
        <test-method signature="verifySauceLabsOnesie()[pri:0, instance:com.qa.testLayer.HomePageTest@4c402120]" started-at="2022-04-27T13:27:38 IST" name="verifySauceLabsOnesie" finished-at="2022-04-27T13:27:38 IST" duration-ms="320" status="PASS">
          <reporter-output>
          </reporter-output>
        </test-method> <!-- verifySauceLabsOnesie -->
        <test-method is-config="true" signature="verifyLogOut()[pri:0, instance:com.qa.testLayer.HomePageTest@4c402120]" started-at="2022-04-27T13:27:38 IST" name="verifyLogOut" finished-at="2022-04-27T13:27:38 IST" duration-ms="190" status="PASS">
          <reporter-output>
          </reporter-output>
        </test-method> <!-- verifyLogOut -->
        <test-method is-config="true" signature="closeBrowser()[pri:0, instance:com.qa.testLayer.HomePageTest@4c402120]" started-at="2022-04-27T13:27:38 IST" name="closeBrowser" finished-at="2022-04-27T13:27:39 IST" duration-ms="486" status="PASS">
          <reporter-output>
          </reporter-output>
        </test-method> <!-- closeBrowser -->
      </class> <!-- com.qa.testLayer.HomePageTest -->
    </test> <!-- SauceDemo1 -->
  </suite> <!-- SauceDemo -->
</testng-results>
